app/build/intermediates/manifest_merge_blame_file/debug/manifest-merger-blame-debug-report.txt
1<?xml version="1.0" encoding="utf-8"?>
2<manifest xmlns:android="http://schemas.android.com/apk/res/android"
3    package="com.example.clevertapper"
4    android:versionCode="1"
5    android:versionName="2.0" >
6
7    <uses-sdk
8        android:minSdkVersion="17"
8-->src/main/AndroidManifest.xml
9        android:targetSdkVersion="29" />
9-->src/main/AndroidManifest.xml
10    <!-- Required to allow the app to send events and user profile information -->
11    <uses-permission android:name="android.permission.INTERNET" /> <!-- Recommended so that CleverTap knows when to attempt a network call -->
11-->src/main/AndroidManifest.xml:5:5-67
11-->src/main/AndroidManifest.xml:5:22-64
12    <uses-permission android:name="android.permission.ACCESS_NETWORK_STATE" />
12-->src/main/AndroidManifest.xml:6:5-79
12-->src/main/AndroidManifest.xml:6:22-76
13    <uses-permission android:name="android.permission.ACCESS_FINE_LOCATION" />
13-->src/main/AndroidManifest.xml:7:5-79
13-->src/main/AndroidManifest.xml:7:22-76
14    <uses-permission android:name="android.permission.WAKE_LOCK" /> <!-- Required by older versions of Google Play services to create IID tokens -->
14-->[com.google.firebase:firebase-iid:17.0.3] AndroidManifest.xml:24:5-68
14-->[com.google.firebase:firebase-iid:17.0.3] AndroidManifest.xml:24:22-65
15    <uses-permission android:name="com.google.android.c2dm.permission.RECEIVE" />
15-->[com.google.firebase:firebase-iid:17.0.3] AndroidManifest.xml:26:5-82
15-->[com.google.firebase:firebase-iid:17.0.3] AndroidManifest.xml:26:22-79
16    <uses-permission android:name="com.google.android.finsky.permission.BIND_GET_INSTALL_REFERRER_SERVICE" />
16-->[com.android.installreferrer:installreferrer:1.0] AndroidManifest.xml:9:5-110
16-->[com.android.installreferrer:installreferrer:1.0] AndroidManifest.xml:9:22-107
17
18    <application
18-->src/main/AndroidManifest.xml:9:5-115:19
19        android:name="com.example.clevertapper.MyApplication"
19-->src/main/AndroidManifest.xml:10:9-38
20        android:allowBackup="true"
20-->src/main/AndroidManifest.xml:11:9-35
21        android:appComponentFactory="androidx.core.app.CoreComponentFactory"
21-->[androidx.core:core:1.2.0] AndroidManifest.xml:24:18-86
22        android:debuggable="true"
23        android:icon="@mipmap/ic_ct"
23-->src/main/AndroidManifest.xml:12:9-37
24        android:label="clevertap-3.6.2"
24-->src/main/AndroidManifest.xml:13:9-40
25        android:roundIcon="@mipmap/ic_ct_round"
25-->src/main/AndroidManifest.xml:14:9-48
26        android:supportsRtl="true"
26-->src/main/AndroidManifest.xml:15:9-35
27        android:testOnly="true"
28        android:theme="@style/AppTheme" >
28-->src/main/AndroidManifest.xml:16:9-40
29        <activity android:name="com.example.clevertapper.MainActivity" >
29-->src/main/AndroidManifest.xml:17:9-43:20
29-->src/main/AndroidManifest.xml:17:19-47
30            <intent-filter>
30-->src/main/AndroidManifest.xml:18:13-21:29
31                <action android:name="android.intent.action.MAIN" />
31-->src/main/AndroidManifest.xml:19:17-69
31-->src/main/AndroidManifest.xml:19:25-66
32
33                <category android:name="android.intent.category.LAUNCHER" />
33-->src/main/AndroidManifest.xml:20:17-77
33-->src/main/AndroidManifest.xml:20:27-74
34            </intent-filter>
35
36            <!-- Branch URI scheme -->
37            <intent-filter>
37-->src/main/AndroidManifest.xml:24:13-30:29
38                <data android:scheme="clevertapper" />
38-->src/main/AndroidManifest.xml:25:17-55
38-->src/main/AndroidManifest.xml:25:23-52
39
40                <action android:name="android.intent.action.VIEW" />
40-->src/main/AndroidManifest.xml:26:17-69
40-->src/main/AndroidManifest.xml:26:25-66
41
42                <category android:name="android.intent.category.DEFAULT" />
42-->src/main/AndroidManifest.xml:28:17-76
42-->src/main/AndroidManifest.xml:28:27-73
43                <category android:name="android.intent.category.BROWSABLE" />
43-->src/main/AndroidManifest.xml:29:17-78
43-->src/main/AndroidManifest.xml:29:27-75
44            </intent-filter>
45
46            <!-- Branch App Links (optional) -->
47            <intent-filter android:autoVerify="true" >
47-->src/main/AndroidManifest.xml:33:13-42:29
47-->src/main/AndroidManifest.xml:33:28-53
48                <action android:name="android.intent.action.VIEW" />
48-->src/main/AndroidManifest.xml:26:17-69
48-->src/main/AndroidManifest.xml:26:25-66
49
50                <category android:name="android.intent.category.DEFAULT" />
50-->src/main/AndroidManifest.xml:28:17-76
50-->src/main/AndroidManifest.xml:28:27-73
51                <category android:name="android.intent.category.BROWSABLE" />
51-->src/main/AndroidManifest.xml:29:17-78
51-->src/main/AndroidManifest.xml:29:27-75
52
53                <data
53-->src/main/AndroidManifest.xml:25:17-55
54                    android:host="9nc1d.app.link"
54-->src/main/AndroidManifest.xml:40:21-50
55                    android:scheme="https" />
55-->src/main/AndroidManifest.xml:25:23-52
56            </intent-filter>
57        </activity>
58
59        <meta-data
59-->src/main/AndroidManifest.xml:45:9-47:44
60            android:name="CLEVERTAP_ACCOUNT_ID"
60-->src/main/AndroidManifest.xml:46:13-48
61            android:value="W67-774-7Z5Z" />
61-->src/main/AndroidManifest.xml:47:13-41
62        <meta-data
62-->src/main/AndroidManifest.xml:48:9-50:39
63            android:name="CLEVERTAP_TOKEN"
63-->src/main/AndroidManifest.xml:49:13-43
64            android:value="4aa-a60" /> <!-- IMPORTANT: To force use Google AD ID to uniquely identify  users, use the following meta tag. GDPR mandates that if you are using this tag, there is prominent disclousure to your end customer in their application. Read more about GDPR here - https://clevertap.com/blog/in-preparation-of-gdpr-compliance/ -->
64-->src/main/AndroidManifest.xml:50:13-36
65        <!-- replace below value with your FCM project number. -->
66        <meta-data
66-->src/main/AndroidManifest.xml:52:9-54:33
67            android:name="CLEVERTAP_USE_GOOGLE_AD_ID"
67-->src/main/AndroidManifest.xml:53:13-54
68            android:value="1" />
68-->src/main/AndroidManifest.xml:54:13-30
69        <meta-data
69-->src/main/AndroidManifest.xml:55:9-57:46
70            android:name="FCM_SENDER_ID"
70-->src/main/AndroidManifest.xml:56:13-41
71            android:value="id:84372680640" />
71-->src/main/AndroidManifest.xml:57:13-43
72
73        <service android:name="com.clevertap.android.sdk.FcmTokenListenerService" >
73-->src/main/AndroidManifest.xml:59:9-63:19
73-->src/main/AndroidManifest.xml:59:18-82
74            <intent-filter>
74-->src/main/AndroidManifest.xml:60:13-62:29
75                <action android:name="com.google.firebase.INSTANCE_ID_EVENT" />
75-->src/main/AndroidManifest.xml:61:17-80
75-->src/main/AndroidManifest.xml:61:25-77
76            </intent-filter>
77        </service>
78        <service android:name="com.clevertap.android.sdk.FcmMessageListenerService" >
78-->src/main/AndroidManifest.xml:64:9-68:19
78-->src/main/AndroidManifest.xml:64:18-84
79            <intent-filter>
79-->src/main/AndroidManifest.xml:65:13-67:29
80                <action android:name="com.google.firebase.MESSAGING_EVENT" />
80-->src/main/AndroidManifest.xml:66:17-78
80-->src/main/AndroidManifest.xml:66:25-75
81            </intent-filter>
82        </service> <!-- Notification -->
83        <service
83-->src/main/AndroidManifest.xml:69:9-75:19
84            android:name="com.clevertap.android.sdk.CTNotificationIntentService"
84-->src/main/AndroidManifest.xml:70:13-81
85            android:exported="false" >
85-->src/main/AndroidManifest.xml:71:13-37
86            <intent-filter>
86-->src/main/AndroidManifest.xml:72:13-74:29
87                <action android:name="com.clevertap.PUSH_EVENT" />
87-->src/main/AndroidManifest.xml:73:17-67
87-->src/main/AndroidManifest.xml:73:25-64
88            </intent-filter>
89        </service> <!-- Push Amplification -->
90        <meta-data
90-->src/main/AndroidManifest.xml:76:9-78:33
91            android:name="CLEVERTAP_BACKGROUND_SYNC"
91-->src/main/AndroidManifest.xml:77:13-53
92            android:value="1" /> <!-- use CTBackgroundIntentService to target users below Android 21 (Lollipop) -->
92-->src/main/AndroidManifest.xml:78:13-30
93        <service
93-->src/main/AndroidManifest.xml:79:9-85:19
94            android:name="com.clevertap.android.sdk.CTBackgroundIntentService"
94-->src/main/AndroidManifest.xml:80:13-79
95            android:exported="false"
95-->src/main/AndroidManifest.xml:81:13-37
96            android:permission="android.permission.BIND_JOB_SERVICE" >
96-->[com.clevertap.android:clevertap-android-sdk:3.7.2] AndroidManifest.xml:30:13-69
97            <intent-filter>
97-->src/main/AndroidManifest.xml:82:13-84:29
98                <action android:name="com.clevertap.BG_EVENT" />
98-->src/main/AndroidManifest.xml:83:17-65
98-->src/main/AndroidManifest.xml:83:25-62
99            </intent-filter>
100        </service> <!-- use CTBackgroundJobService to target users on and above Android 21 (Lollipop) -->
101        <service
101-->src/main/AndroidManifest.xml:86:9-89:72
102            android:name="com.clevertap.android.sdk.CTBackgroundJobService"
102-->src/main/AndroidManifest.xml:87:13-76
103            android:exported="false"
103-->src/main/AndroidManifest.xml:88:13-37
104            android:permission="android.permission.BIND_JOB_SERVICE" /> <!-- Small icon -->
104-->src/main/AndroidManifest.xml:89:13-69
105        <meta-data
105-->src/main/AndroidManifest.xml:90:9-92:36
106            android:name="CLEVERTAP_NOTIFICATION_ICON"
106-->src/main/AndroidManifest.xml:91:13-55
107            android:value="ic_c" /> <!-- name of your file in the drawable directory without the file extension. -->
107-->src/main/AndroidManifest.xml:92:13-33
108        <!-- name of your file in the drawable directory without the file extension. -->
109        <!-- IN APP Noti -->
110        <!--
111         <activity
112             android:name="com.clevertap.android.sdk.InAppNotificationActivity"
113             android:configChanges="orientation|keyboardHidden"
114             android:theme="@android:style/Theme.Translucent.NoTitleBar"
115             tools:replace="android:configChanges" />
116         <meta-data
117             android:name="CLEVERTAP_INAPP_EXCLUDE"
118             android:value="YourSplashActivity1, YourSplashActivity2" />
119        -->
120        <meta-data
120-->src/main/AndroidManifest.xml:103:9-105:36
121            android:name="com.google.android.gms.ads.AD_MANAGER_APP"
121-->src/main/AndroidManifest.xml:104:13-69
122            android:value="true" />
122-->src/main/AndroidManifest.xml:105:13-33
123        <!-- Branch init -->
124        <!-- Branch init -->
125        <meta-data
125-->src/main/AndroidManifest.xml:108:9-110:73
126            android:name="io.branch.sdk.BranchKey"
126-->src/main/AndroidManifest.xml:109:13-51
127            android:value="key_live_naKGF0Y8CdstKeYpTYvDNebeyzmpXwjR" />
127-->src/main/AndroidManifest.xml:110:13-70
128        <!-- Branch testing (TestMode "true" to simulate fresh installs on dev environment) -->
129        <meta-data
129-->src/main/AndroidManifest.xml:112:9-114:36
130            android:name="io.branch.sdk.TestMode"
130-->src/main/AndroidManifest.xml:113:13-50
131            android:value="true" />
131-->src/main/AndroidManifest.xml:114:13-33
132
133        <activity
133-->[com.clevertap.android:clevertap-android-sdk:3.7.2] AndroidManifest.xml:12:9-15:75
134            android:name="com.clevertap.android.sdk.InAppNotificationActivity"
134-->[com.clevertap.android:clevertap-android-sdk:3.7.2] AndroidManifest.xml:13:13-79
135            android:configChanges="keyboardHidden"
135-->[com.clevertap.android:clevertap-android-sdk:3.7.2] AndroidManifest.xml:14:13-51
136            android:theme="@android:style/Theme.Translucent.NoTitleBar" />
136-->[com.clevertap.android:clevertap-android-sdk:3.7.2] AndroidManifest.xml:15:13-72
137        <activity
137-->[com.clevertap.android:clevertap-android-sdk:3.7.2] AndroidManifest.xml:16:9-19:77
138            android:name="com.clevertap.android.sdk.CTInboxActivity"
138-->[com.clevertap.android:clevertap-android-sdk:3.7.2] AndroidManifest.xml:17:13-69
139            android:configChanges="keyboardHidden"
139-->[com.clevertap.android:clevertap-android-sdk:3.7.2] AndroidManifest.xml:18:13-51
140            android:theme="@style/Theme.AppCompat.DayNight.DarkActionBar" />
140-->[com.clevertap.android:clevertap-android-sdk:3.7.2] AndroidManifest.xml:19:13-74
141
142        <receiver
142-->[com.clevertap.android:clevertap-android-sdk:3.7.2] AndroidManifest.xml:21:9-25:20
143            android:name="com.clevertap.android.sdk.CTPushNotificationReceiver"
143-->[com.clevertap.android:clevertap-android-sdk:3.7.2] AndroidManifest.xml:22:13-80
144            android:enabled="true"
144-->[com.clevertap.android:clevertap-android-sdk:3.7.2] AndroidManifest.xml:23:13-35
145            android:exported="false" >
145-->[com.clevertap.android:clevertap-android-sdk:3.7.2] AndroidManifest.xml:24:13-37
146        </receiver>
147        <!--
148             FirebaseMessagingService performs security checks at runtime,
149             no need for explicit permissions despite exported="true"
150        -->
151        <service
151-->[com.google.firebase:firebase-messaging:17.3.3] AndroidManifest.xml:28:9-34:19
152            android:name="com.google.firebase.messaging.FirebaseMessagingService"
152-->[com.google.firebase:firebase-messaging:17.3.3] AndroidManifest.xml:29:13-82
153            android:exported="true" >
153-->[com.google.firebase:firebase-messaging:17.3.3] AndroidManifest.xml:30:13-36
154            <intent-filter android:priority="-500" >
154-->src/main/AndroidManifest.xml:65:13-67:29
155                <action android:name="com.google.firebase.MESSAGING_EVENT" />
155-->src/main/AndroidManifest.xml:66:17-78
155-->src/main/AndroidManifest.xml:66:25-75
156            </intent-filter>
157        </service>
158        <service
158-->[com.google.firebase:firebase-iid:17.0.3] AndroidManifest.xml:29:9-35:19
159            android:name="com.google.firebase.components.ComponentDiscoveryService"
159-->[com.google.firebase:firebase-iid:17.0.3] AndroidManifest.xml:30:13-84
160            android:exported="false" >
160-->[com.google.firebase:firebase-iid:17.0.3] AndroidManifest.xml:31:13-37
161            <meta-data
161-->[com.google.firebase:firebase-iid:17.0.3] AndroidManifest.xml:32:13-34:85
162                android:name="com.google.firebase.components:com.google.firebase.iid.Registrar"
162-->[com.google.firebase:firebase-iid:17.0.3] AndroidManifest.xml:33:17-96
163                android:value="com.google.firebase.components.ComponentRegistrar" />
163-->[com.google.firebase:firebase-iid:17.0.3] AndroidManifest.xml:34:17-82
164        </service>
165
166        <receiver
166-->[com.google.firebase:firebase-iid:17.0.3] AndroidManifest.xml:37:9-44:20
167            android:name="com.google.firebase.iid.FirebaseInstanceIdReceiver"
167-->[com.google.firebase:firebase-iid:17.0.3] AndroidManifest.xml:38:13-78
168            android:exported="true"
168-->[com.google.firebase:firebase-iid:17.0.3] AndroidManifest.xml:39:13-36
169            android:permission="com.google.android.c2dm.permission.SEND" >
169-->[com.google.firebase:firebase-iid:17.0.3] AndroidManifest.xml:40:13-73
170            <intent-filter>
170-->[com.google.firebase:firebase-iid:17.0.3] AndroidManifest.xml:41:13-43:29
171                <action android:name="com.google.android.c2dm.intent.RECEIVE" />
171-->[com.google.firebase:firebase-iid:17.0.3] AndroidManifest.xml:42:17-81
171-->[com.google.firebase:firebase-iid:17.0.3] AndroidManifest.xml:42:25-78
172            </intent-filter>
173        </receiver>
174        <!--
175             FirebaseInstanceIdService performs security checks at runtime,
176             no need for explicit permissions despite exported="true"
177        -->
178        <service
178-->[com.google.firebase:firebase-iid:17.0.3] AndroidManifest.xml:50:9-56:19
179            android:name="com.google.firebase.iid.FirebaseInstanceIdService"
179-->[com.google.firebase:firebase-iid:17.0.3] AndroidManifest.xml:51:13-77
180            android:exported="true" >
180-->[com.google.firebase:firebase-iid:17.0.3] AndroidManifest.xml:52:13-36
181            <intent-filter android:priority="-500" >
181-->src/main/AndroidManifest.xml:60:13-62:29
182                <action android:name="com.google.firebase.INSTANCE_ID_EVENT" />
182-->src/main/AndroidManifest.xml:61:17-80
182-->src/main/AndroidManifest.xml:61:25-77
183            </intent-filter>
184        </service>
185
186        <activity
186-->[com.google.android.gms:play-services-base:17.2.1] AndroidManifest.xml:23:9-26:75
187            android:name="com.google.android.gms.common.api.GoogleApiActivity"
187-->[com.google.android.gms:play-services-base:17.2.1] AndroidManifest.xml:24:13-79
188            android:exported="false"
188-->[com.google.android.gms:play-services-base:17.2.1] AndroidManifest.xml:25:13-37
189            android:theme="@android:style/Theme.Translucent.NoTitleBar" />
189-->[com.google.android.gms:play-services-base:17.2.1] AndroidManifest.xml:26:13-72
190
191        <provider
191-->[com.google.firebase:firebase-common:16.0.3] AndroidManifest.xml:10:9-14:39
192            android:name="com.google.firebase.provider.FirebaseInitProvider"
192-->[com.google.firebase:firebase-common:16.0.3] AndroidManifest.xml:11:13-77
193            android:authorities="com.example.clevertapper.firebaseinitprovider"
193-->[com.google.firebase:firebase-common:16.0.3] AndroidManifest.xml:12:13-72
194            android:exported="false"
194-->[com.google.firebase:firebase-common:16.0.3] AndroidManifest.xml:13:13-37
195            android:initOrder="100" /> <!-- Include the AdActivity and InAppPurchaseActivity configChanges and themes. -->
195-->[com.google.firebase:firebase-common:16.0.3] AndroidManifest.xml:14:13-36
196        <activity
196-->[com.google.android.gms:play-services-ads-lite:19.0.1] AndroidManifest.xml:29:9-33:64
197            android:name="com.google.android.gms.ads.AdActivity"
197-->[com.google.android.gms:play-services-ads-lite:19.0.1] AndroidManifest.xml:30:13-65
198            android:configChanges="keyboard|keyboardHidden|orientation|screenLayout|uiMode|screenSize|smallestScreenSize"
198-->[com.google.android.gms:play-services-ads-lite:19.0.1] AndroidManifest.xml:31:13-122
199            android:exported="false"
199-->[com.google.android.gms:play-services-ads-lite:19.0.1] AndroidManifest.xml:32:13-37
200            android:theme="@android:style/Theme.Translucent" />
200-->[com.google.android.gms:play-services-ads-lite:19.0.1] AndroidManifest.xml:33:13-61
201
202        <provider
202-->[com.google.android.gms:play-services-ads-lite:19.0.1] AndroidManifest.xml:35:9-39:39
203            android:name="com.google.android.gms.ads.MobileAdsInitProvider"
203-->[com.google.android.gms:play-services-ads-lite:19.0.1] AndroidManifest.xml:36:13-76
204            android:authorities="com.example.clevertapper.mobileadsinitprovider"
204-->[com.google.android.gms:play-services-ads-lite:19.0.1] AndroidManifest.xml:37:13-73
205            android:exported="false"
205-->[com.google.android.gms:play-services-ads-lite:19.0.1] AndroidManifest.xml:38:13-37
206            android:initOrder="100" />
206-->[com.google.android.gms:play-services-ads-lite:19.0.1] AndroidManifest.xml:39:13-36
207
208        <meta-data
208-->[com.google.android.gms:play-services-basement:17.2.1] AndroidManifest.xml:23:9-25:69
209            android:name="com.google.android.gms.version"
209-->[com.google.android.gms:play-services-basement:17.2.1] AndroidManifest.xml:24:13-58
210            android:value="@integer/google_play_services_version" />
210-->[com.google.android.gms:play-services-basement:17.2.1] AndroidManifest.xml:25:13-66
211    </application>
212
213</manifest>